c:\users\alvin\desktop\cs sem 3\data structure\cos30008_project2_prototype_101214747_alvinsimzhongxian\riseofnetworth\riseofnetworth\debug\vc142.pdb
c:\users\alvin\desktop\cs sem 3\data structure\cos30008_project2_prototype_101214747_alvinsimzhongxian\riseofnetworth\riseofnetworth\debug\vc142.idb
c:\users\alvin\desktop\cs sem 3\data structure\cos30008_project2_prototype_101214747_alvinsimzhongxian\riseofnetworth\riseofnetworth\debug\queue.obj
c:\users\alvin\desktop\cs sem 3\data structure\cos30008_project2_prototype_101214747_alvinsimzhongxian\riseofnetworth\riseofnetworth\debug\properties.obj
c:\users\alvin\desktop\cs sem 3\data structure\cos30008_project2_prototype_101214747_alvinsimzhongxian\riseofnetworth\riseofnetworth\debug\playerxpiterator.obj
c:\users\alvin\desktop\cs sem 3\data structure\cos30008_project2_prototype_101214747_alvinsimzhongxian\riseofnetworth\riseofnetworth\debug\playerxp.obj
c:\users\alvin\desktop\cs sem 3\data structure\cos30008_project2_prototype_101214747_alvinsimzhongxian\riseofnetworth\riseofnetworth\debug\player.obj
c:\users\alvin\desktop\cs sem 3\data structure\cos30008_project2_prototype_101214747_alvinsimzhongxian\riseofnetworth\riseofnetworth\debug\oppurtunitycard.obj
c:\users\alvin\desktop\cs sem 3\data structure\cos30008_project2_prototype_101214747_alvinsimzhongxian\riseofnetworth\riseofnetworth\debug\maindialoguevisitor.obj
c:\users\alvin\desktop\cs sem 3\data structure\cos30008_project2_prototype_101214747_alvinsimzhongxian\riseofnetworth\riseofnetworth\debug\locationiterator.obj
c:\users\alvin\desktop\cs sem 3\data structure\cos30008_project2_prototype_101214747_alvinsimzhongxian\riseofnetworth\riseofnetworth\debug\location.obj
c:\users\alvin\desktop\cs sem 3\data structure\cos30008_project2_prototype_101214747_alvinsimzhongxian\riseofnetworth\riseofnetworth\debug\ipocentrestate.obj
c:\users\alvin\desktop\cs sem 3\data structure\cos30008_project2_prototype_101214747_alvinsimzhongxian\riseofnetworth\riseofnetworth\debug\ipocentre.obj
c:\users\alvin\desktop\cs sem 3\data structure\cos30008_project2_prototype_101214747_alvinsimzhongxian\riseofnetworth\riseofnetworth\debug\insufficientvaluation.obj
c:\users\alvin\desktop\cs sem 3\data structure\cos30008_project2_prototype_101214747_alvinsimzhongxian\riseofnetworth\riseofnetworth\debug\housingestate.obj
c:\users\alvin\desktop\cs sem 3\data structure\cos30008_project2_prototype_101214747_alvinsimzhongxian\riseofnetworth\riseofnetworth\debug\hotel.obj
c:\users\alvin\desktop\cs sem 3\data structure\cos30008_project2_prototype_101214747_alvinsimzhongxian\riseofnetworth\riseofnetworth\debug\gameendvisitor.obj
c:\users\alvin\desktop\cs sem 3\data structure\cos30008_project2_prototype_101214747_alvinsimzhongxian\riseofnetworth\riseofnetworth\debug\dialoguetreevisitor.obj
c:\users\alvin\desktop\cs sem 3\data structure\cos30008_project2_prototype_101214747_alvinsimzhongxian\riseofnetworth\riseofnetworth\debug\dialoguetree.obj
c:\users\alvin\desktop\cs sem 3\data structure\cos30008_project2_prototype_101214747_alvinsimzhongxian\riseofnetworth\riseofnetworth\debug\correctguess.obj
c:\users\alvin\desktop\cs sem 3\data structure\cos30008_project2_prototype_101214747_alvinsimzhongxian\riseofnetworth\riseofnetworth\debug\apartment.obj
c:\users\alvin\desktop\cs sem 3\data structure\cos30008_project2_prototype_101214747_alvinsimzhongxian\riseofnetworth\riseofnetworth\debug\sufficientvaluation.obj
c:\users\alvin\desktop\cs sem 3\data structure\cos30008_project2_prototype_101214747_alvinsimzhongxian\riseofnetworth\riseofnetworth\debug\stack.obj
c:\users\alvin\desktop\cs sem 3\data structure\cos30008_project2_prototype_101214747_alvinsimzhongxian\riseofnetworth\riseofnetworth\debug\sendinvitation.obj
c:\users\alvin\desktop\cs sem 3\data structure\cos30008_project2_prototype_101214747_alvinsimzhongxian\riseofnetworth\riseofnetworth\debug\main.obj
c:\users\alvin\desktop\cs sem 3\data structure\cos30008_project2_prototype_101214747_alvinsimzhongxian\riseofnetworth\riseofnetworth\debug\riseofnetworth.tlog\cl.command.1.tlog
c:\users\alvin\desktop\cs sem 3\data structure\cos30008_project2_prototype_101214747_alvinsimzhongxian\riseofnetworth\riseofnetworth\debug\riseofnetworth.tlog\cl.read.1.tlog
c:\users\alvin\desktop\cs sem 3\data structure\cos30008_project2_prototype_101214747_alvinsimzhongxian\riseofnetworth\riseofnetworth\debug\riseofnetworth.tlog\cl.write.1.tlog
